[master 6697ff2] Session backup - 2026-04-05 03:00:01
 1 file changed, 169 insertions(+)
To https://github.com/xionghouyuan/openclaw-workspace.git
   4e9c30c..6697ff2  master -> master
Session backup done: Sun Apr  5 03:00:04 AM CST 2026
[master a52eb17] Session backup - 2026-04-05 04:00:01
 1 file changed, 240 insertions(+)
To https://github.com/xionghouyuan/openclaw-workspace.git
   6697ff2..a52eb17  master -> master
Session backup done: Sun Apr  5 04:00:03 AM CST 2026
[master 70eb414] Session backup - 2026-04-05 15:00:02
 1 file changed, 84 insertions(+)
 create mode 100644 sessions/62c1a013-1bb8-42bd-a67a-ed9123a156a5.jsonl
To https://github.com/xionghouyuan/openclaw-workspace.git
   d16fc3b..70eb414  master -> master
Session backup done: Sun Apr  5 03:00:05 PM CST 2026
[master 1b25d46] Session backup - 2026-04-05 16:00:01
 1 file changed, 89 insertions(+)
To https://github.com/xionghouyuan/openclaw-workspace.git
   70eb414..1b25d46  master -> master
Session backup done: Sun Apr  5 04:00:04 PM CST 2026
[master 6f8d18c] Session backup - 2026-04-05 17:00:01
 1 file changed, 7 insertions(+)
To https://github.com/xionghouyuan/openclaw-workspace.git
   1b25d46..6f8d18c  master -> master
Session backup done: Sun Apr  5 05:00:03 PM CST 2026
No session changes to backup.
No session changes to backup.
No session changes to backup.
No session changes to backup.
[master 6670ee1] Session backup - 2026-04-05 22:00:01
 1 file changed, 106 insertions(+)
To https://github.com/xionghouyuan/openclaw-workspace.git
   6f8d18c..6670ee1  master -> master
Session backup done: Sun Apr  5 10:00:03 PM CST 2026
[master 041c138] Session backup - 2026-04-05 23:00:01
 1 file changed, 173 insertions(+)
To https://github.com/xionghouyuan/openclaw-workspace.git
   d3dd080..041c138  master -> master
Session backup done: Sun Apr  5 11:00:04 PM CST 2026
[master d0b1ca0] Session backup - 2026-04-06 00:00:01
 1 file changed, 82 insertions(+)
To https://github.com/xionghouyuan/openclaw-workspace.git
   041c138..d0b1ca0  master -> master
Session backup done: Mon Apr  6 12:00:04 AM CST 2026
[master e88169f] Session backup - 2026-04-06 03:00:02
 1 file changed, 237 insertions(+)
To https://github.com/xionghouyuan/openclaw-workspace.git
   d0b1ca0..e88169f  master -> master
Session backup done: Mon Apr  6 03:00:05 AM CST 2026
[master 104c0a3] Session backup - 2026-04-06 15:00:01
 1 file changed, 372 insertions(+)
 create mode 100644 sessions/99c284e6-41c0-40ee-8a79-eac875fbf781.jsonl
To https://github.com/xionghouyuan/openclaw-workspace.git
   e88169f..104c0a3  master -> master
Session backup done: Mon Apr  6 03:00:03 PM CST 2026
[master b1fb971] Session backup - 2026-04-06 18:00:01
 1 file changed, 112 insertions(+)
To https://github.com/xionghouyuan/openclaw-workspace.git
   104c0a3..b1fb971  master -> master
Session backup done: Mon Apr  6 06:00:03 PM CST 2026
[master 153fc8d] Session backup - 2026-04-06 21:00:01
 4 files changed, 98 insertions(+)
 create mode 100644 sessions/02b82e28-f0e9-46d2-8152-d857fa9b9c65.jsonl
 create mode 100644 sessions/66141368-ba12-467a-83ac-34434df89ace.jsonl
 create mode 100644 sessions/7880000d-03ba-4678-bd9c-e16fec78e5f4.jsonl
To https://github.com/xionghouyuan/openclaw-workspace.git
   b1fb971..153fc8d  master -> master
Session backup done: Mon Apr  6 09:00:03 PM CST 2026
[master 1a93f81] Session backup - 2026-04-07 00:00:01
 3 files changed, 30 insertions(+)
 create mode 100644 sessions/1bbcc9ba-ade5-41ce-b82a-a0fc3cc62ed7.jsonl
 create mode 100644 sessions/25d482a4-675f-4972-b8ec-ce54c337e4f4.jsonl
 create mode 100644 sessions/5f58770e-8455-4d0e-8e33-5d26f9bc7ec0.jsonl
To https://github.com/xionghouyuan/openclaw-workspace.git
   153fc8d..1a93f81  master -> master
Session backup done: Tue Apr  7 12:00:05 AM CST 2026
[master 7f2d85c] Session backup - 2026-04-10 21:00:01
 2 files changed, 16 insertions(+)
 create mode 100644 sessions/46e12bae-e299-4e2f-b672-f0c90cabc480.jsonl
To https://github.com/xionghouyuan/openclaw-workspace.git
   13e2449..7f2d85c  master -> master
Session backup done: Fri Apr 10 09:00:04 PM CST 2026
[master 5d9a43c] Session backup - 2026-04-11 00:00:01
 1 file changed, 10 insertions(+)
 create mode 100644 sessions/85c03cb4-ab43-4cc8-bf05-7858c3203be8.jsonl
To https://github.com/xionghouyuan/openclaw-workspace.git
   7f2d85c..5d9a43c  master -> master
Session backup done: Sat Apr 11 12:00:04 AM CST 2026
[master 77eaa75] Session backup - 2026-04-11 15:00:02
 2 files changed, 18 insertions(+)
 create mode 100644 sessions/258fa057-bee6-434f-bab5-d263c595bccb.jsonl
 create mode 100644 sessions/d345edc4-72b4-4b3a-b0bc-4d1c9b470ece.jsonl
To https://github.com/xionghouyuan/openclaw-workspace.git
   5d9a43c..77eaa75  master -> master
Session backup done: Sat Apr 11 03:00:04 PM CST 2026
[master d32e75c] Session backup - 2026-04-11 18:00:02
 2 files changed, 34 insertions(+)
 create mode 100644 sessions/c4784d62-36ed-487f-a7c6-2ff83bd74cb2.jsonl
To https://github.com/xionghouyuan/openclaw-workspace.git
   77eaa75..d32e75c  master -> master
Session backup done: Sat Apr 11 06:00:04 PM CST 2026
[master b078081] Session backup - 2026-04-11 21:00:01
 2 files changed, 22 insertions(+)
 create mode 100644 sessions/3cc03f1a-928b-43e3-9b5b-c20e85f99425.jsonl
To https://github.com/xionghouyuan/openclaw-workspace.git
   d32e75c..b078081  master -> master
Session backup done: Sat Apr 11 09:00:03 PM CST 2026
[master 135dbe0] Session backup - 2026-04-12 18:00:01
 3 files changed, 331 insertions(+)
 create mode 100644 sessions/83c7b745-7acd-4440-a67d-ec2517c94c17.jsonl
 create mode 100644 sessions/d8200cc7-3dcb-4be8-8e02-0fddd6c5c1bf.jsonl
To https://github.com/xionghouyuan/openclaw-workspace.git
   b078081..135dbe0  master -> master
Session backup done: Sun Apr 12 06:00:04 PM CST 2026
[master 913d4de] Session backup - 2026-04-12 21:00:02
 2 files changed, 484 insertions(+)
 create mode 100644 sessions/08412170-bc5f-4e39-a8c0-05706d00a823.jsonl
 create mode 100644 sessions/bd43f19a-e335-435a-860b-e23a2f09e5b2.jsonl
To https://github.com/xionghouyuan/openclaw-workspace.git
   135dbe0..913d4de  master -> master
Session backup done: Sun Apr 12 09:00:05 PM CST 2026
[master a8a09d6] Session backup - 2026-04-13 00:00:02
 2 files changed, 80 insertions(+)
 create mode 100644 sessions/5c29eee7-2a37-4a78-afc5-bde999777757.jsonl
fatal: unable to access 'https://github.com/xionghouyuan/openclaw-workspace.git/': gnutls_handshake() failed: The TLS connection was non-properly terminated.
Session backup done: Mon Apr 13 12:00:11 AM CST 2026
[master 601ac1c] Session backup - 2026-04-13 03:00:02
 2 files changed, 90 insertions(+)
 create mode 100644 sessions/0d112928-dd23-4b74-9b14-55d555d84194.jsonl
To https://github.com/xionghouyuan/openclaw-workspace.git
   913d4de..601ac1c  master -> master
Session backup done: Mon Apr 13 03:00:04 AM CST 2026
[master 3dee902] Session backup - 2026-04-13 06:00:01
 1 file changed, 10 insertions(+)
 create mode 100644 sessions/3645a50f-62d1-40e6-b7c1-2bd4d2bc391e.jsonl
To https://github.com/xionghouyuan/openclaw-workspace.git
   601ac1c..3dee902  master -> master
Session backup done: Mon Apr 13 06:00:04 AM CST 2026
[master 96e69c3] Session backup - 2026-04-13 09:00:01
 2 files changed, 144 insertions(+)
 create mode 100644 sessions/ac94a5c2-53f0-400e-bc0a-bd0ccb75a290.jsonl
To https://github.com/xionghouyuan/openclaw-workspace.git
   1e480d3..96e69c3  master -> master
Session backup done: Mon Apr 13 09:00:04 AM CST 2026
[master 8c98749] Session backup - 2026-04-13 12:00:01
 3 files changed, 212 insertions(+), 10 deletions(-)
 create mode 100644 sessions/3c786e87-0821-48e9-b440-b5b788f15673.jsonl
To https://github.com/xionghouyuan/openclaw-workspace.git
   96e69c3..8c98749  master -> master
Session backup done: Mon Apr 13 12:00:04 PM CST 2026
[master f277dc5] Session backup - 2026-04-13 15:00:01
 2 files changed, 118 insertions(+)
 create mode 100644 sessions/86802a2f-a4a3-401a-9533-84081bea8092.jsonl
To https://github.com/xionghouyuan/openclaw-workspace.git
   473e619..f277dc5  master -> master
Session backup done: Mon Apr 13 03:00:03 PM CST 2026
[master caab794] Session backup - 2026-04-13 18:00:01
 2 files changed, 18 insertions(+)
 create mode 100644 sessions/7b4fc293-980b-43f9-91ae-e4149985e8f0.jsonl
To https://github.com/xionghouyuan/openclaw-workspace.git
   f277dc5..caab794  master -> master
Session backup done: Mon Apr 13 06:00:04 PM CST 2026
[master cadebd1] Session backup - 2026-04-13 21:00:01
 2 files changed, 114 insertions(+)
 create mode 100644 sessions/6aafb9b6-b839-459c-95f1-158b0327890f.jsonl
To https://github.com/xionghouyuan/openclaw-workspace.git
   405a2dc..cadebd1  master -> master
Session backup done: Mon Apr 13 09:00:05 PM CST 2026
[master 00f77e8] Session backup - 2026-04-14 00:00:02
 1 file changed, 10 insertions(+)
 create mode 100644 sessions/3ffc970b-7e5a-4b53-8997-abb9f24c0057.jsonl
To https://github.com/xionghouyuan/openclaw-workspace.git
   cadebd1..00f77e8  master -> master
Session backup done: Tue Apr 14 12:00:07 AM CST 2026
[master 83f459b] Session backup - 2026-04-14 09:00:02
 2 files changed, 18 insertions(+)
 create mode 100644 sessions/c977b4fa-8713-4206-9e9e-1e5e27be434e.jsonl
 create mode 100644 sessions/dee28be0-1874-4007-91ce-c255480af70f.jsonl
To https://github.com/xionghouyuan/openclaw-workspace.git
   00f77e8..83f459b  master -> master
Session backup done: Tue Apr 14 09:00:04 AM CST 2026
[master cfd29c1] Session backup - 2026-04-14 12:00:02
 1 file changed, 10 insertions(+)
 create mode 100644 sessions/f844bb82-83fb-4fe8-8020-7f553e5916ba.jsonl
To https://github.com/xionghouyuan/openclaw-workspace.git
   83f459b..cfd29c1  master -> master
Session backup done: Tue Apr 14 12:00:04 PM CST 2026
[master 52d3ce4] Session backup - 2026-04-14 15:00:01
 1 file changed, 10 insertions(+)
 create mode 100644 sessions/184707b8-7506-4c70-bec3-c1e538d040be.jsonl
To https://github.com/xionghouyuan/openclaw-workspace.git
   cfd29c1..52d3ce4  master -> master
Session backup done: Tue Apr 14 03:00:04 PM CST 2026
[master 8f4e2b4] Session backup - 2026-04-14 18:00:02
 1 file changed, 10 insertions(+)
 create mode 100644 sessions/1dc3206a-837b-467f-9210-4324127188f5.jsonl
To https://github.com/xionghouyuan/openclaw-workspace.git
   52d3ce4..8f4e2b4  master -> master
Session backup done: Tue Apr 14 06:00:04 PM CST 2026
[master c8e0ca5] Session backup - 2026-04-14 21:00:02
 2 files changed, 102 insertions(+)
 create mode 100644 sessions/c48543b8-6077-4618-a317-267669fb6082.jsonl
To https://github.com/xionghouyuan/openclaw-workspace.git
   8f4e2b4..c8e0ca5  master -> master
Session backup done: Tue Apr 14 09:00:06 PM CST 2026
