[2026-04-05 02:56:39] Proxy port not responding (http 400), restarting mihomo...
[2026-04-05 02:56:45] Mihomo restarted successfully (pid 39206)
[2026-04-05 02:57:22] Mihomo OK (pid 39206, proxy working)
[2026-04-05 03:00:03] Mihomo OK (pid 39206, proxy working)
[2026-04-05 03:05:02] Mihomo OK (pid 39206, proxy working)
[2026-04-05 03:10:01] Mihomo OK (pid 39206, proxy working)
[2026-04-05 03:15:02] Mihomo not running, starting...
[2026-04-05 03:15:05] Mihomo started (pid 42072)
[2026-04-05 14:00:22] Mihomo not running, starting...
[2026-04-05 14:00:25] Mihomo started (pid 935)
[2026-04-05 14:27:05] Mihomo not running, starting...
[2026-04-05 14:27:08] Mihomo started (pid 945)
[2026-04-05 15:08:09] Mihomo not running, starting...
[2026-04-05 15:08:12] Mihomo started (pid 1006)
[2026-04-06 12:38:00] Mihomo not running, starting...
[2026-04-06 12:38:03] Mihomo started (pid 917)
[2026-04-08 21:40:59] Mihomo not running, starting...
[2026-04-08 21:41:03] Mihomo started (pid 1146)
[2026-04-12 17:54:11] Mihomo not running, starting...
[2026-04-12 17:54:15] Mihomo started (pid 1128)
[2026-04-13 00:38:00] Mihomo not running, starting...
[2026-04-13 00:38:03] Mihomo started (pid 1221)
